<?xml version="1.0" encoding="UTF-8"?>
<!-- Generated by org.testng.reporters.JUnitXMLReporter -->
<testsuite ignored="0" hostname="DESKTOP-FJKJ113" failures="0" tests="5" name="Default test" time="50.311" errors="0" timestamp="2022-04-11T14:52:52 IST">
  <testcase classname="Pack1.ExtentReport1" name="containsText" time="9.943"/>
  <testcase classname="Pack1.ExtentReport1" name="cartButton" time="0.02"/>
  <testcase classname="Pack1.ExtentReport1" name="buyN" time="0.017"/>
  <testcase classname="Pack1.ExtentReport1" name="enterYourLoginName" time="0.016"/>
  <testcase classname="Pack1.ExtentReport1" name="quanButtton" time="0.014"/>
</testsuite> <!-- Default test -->
