<?xml version="1.0" encoding="UTF-8"?>
<testng-results ignored="0" total="5" passed="5" failed="0" skipped="0">
  <reporter-output>
  </reporter-output>
  <suite started-at="2022-04-11T14:52:01 IST" name="Default suite" finished-at="2022-04-11T14:52:52 IST" duration-ms="50311">
    <groups>
    </groups>
    <test started-at="2022-04-11T14:52:01 IST" name="Default test" finished-at="2022-04-11T14:52:52 IST" duration-ms="50311">
      <class name="Pack1.ExtentReport1">
        <test-method is-config="true" signature="launchingBrowser()[pri:0, instance:Pack1.ExtentReport1@e350b40]" started-at="2022-04-11T14:52:01 IST" name="launchingBrowser" finished-at="2022-04-11T14:52:41 IST" duration-ms="39864" status="PASS">
          <reporter-output>
          </reporter-output>
        </test-method> <!-- launchingBrowser -->
        <test-method is-config="true" signature="initializeReport()[pri:0, instance:Pack1.ExtentReport1@e350b40]" started-at="2022-04-11T14:52:41 IST" name="initializeReport" finished-at="2022-04-11T14:52:41 IST" duration-ms="128" status="PASS">
          <reporter-output>
          </reporter-output>
        </test-method> <!-- initializeReport -->
        <test-method signature="containsText()[pri:0, instance:Pack1.ExtentReport1@e350b40]" started-at="2022-04-11T14:52:41 IST" name="containsText" finished-at="2022-04-11T14:52:51 IST" duration-ms="9943" status="PASS">
          <reporter-output>
          </reporter-output>
        </test-method> <!-- containsText -->
        <test-method signature="cartButton()[pri:1, instance:Pack1.ExtentReport1@e350b40]" started-at="2022-04-11T14:52:51 IST" name="cartButton" finished-at="2022-04-11T14:52:51 IST" duration-ms="20" status="PASS">
          <reporter-output>
          </reporter-output>
        </test-method> <!-- cartButton -->
        <test-method signature="buyN()[pri:2, instance:Pack1.ExtentReport1@e350b40]" started-at="2022-04-11T14:52:51 IST" name="buyN" finished-at="2022-04-11T14:52:51 IST" duration-ms="17" status="PASS">
          <reporter-output>
          </reporter-output>
        </test-method> <!-- buyN -->
        <test-method signature="enterYourLoginName()[pri:3, instance:Pack1.ExtentReport1@e350b40]" started-at="2022-04-11T14:52:51 IST" name="enterYourLoginName" finished-at="2022-04-11T14:52:51 IST" duration-ms="16" status="PASS">
          <reporter-output>
          </reporter-output>
        </test-method> <!-- enterYourLoginName -->
        <test-method signature="quanButtton()[pri:4, instance:Pack1.ExtentReport1@e350b40]" started-at="2022-04-11T14:52:51 IST" name="quanButtton" finished-at="2022-04-11T14:52:51 IST" duration-ms="14" status="PASS">
          <reporter-output>
          </reporter-output>
        </test-method> <!-- quanButtton -->
        <test-method is-config="true" signature="publishingReport()[pri:0, instance:Pack1.ExtentReport1@e350b40]" started-at="2022-04-11T14:52:51 IST" name="publishingReport" finished-at="2022-04-11T14:52:52 IST" duration-ms="162" status="PASS">
          <reporter-output>
          </reporter-output>
        </test-method> <!-- publishingReport -->
        <test-method is-config="true" signature="destroyingSession()[pri:0, instance:Pack1.ExtentReport1@e350b40]" started-at="2022-04-11T14:52:52 IST" name="destroyingSession" finished-at="2022-04-11T14:52:52 IST" duration-ms="121" status="PASS">
          <reporter-output>
          </reporter-output>
        </test-method> <!-- destroyingSession -->
      </class> <!-- Pack1.ExtentReport1 -->
    </test> <!-- Default test -->
  </suite> <!-- Default suite -->
</testng-results>
